Determining if the pthread_create exist failed with the following output:
Change Dir: /home/benlee/Desktop/pc_practice/projecting_points/build/CMakeFiles/CMakeTmp

Run Build Command:"/usr/bin/make" "cmTC_dae1a/fast"
/usr/bin/make -f CMakeFiles/cmTC_dae1a.dir/build.make CMakeFiles/cmTC_dae1a.dir/build
make[1]: Entering directory '/home/benlee/Desktop/pc_practice/projecting_points/build/CMakeFiles/CMakeTmp'
Building C object CMakeFiles/cmTC_dae1a.dir/CheckSymbolExists.c.o
/usr/bin/cc    -o CMakeFiles/cmTC_dae1a.dir/CheckSymbolExists.c.o   -c /home/benlee/Desktop/pc_practice/projecting_points/build/CMakeFiles/CMakeTmp/CheckSymbolExists.c
Linking C executable cmTC_dae1a
/usr/bin/cmake -E cmake_link_script CMakeFiles/cmTC_dae1a.dir/link.txt --verbose=1
/usr/bin/cc      -rdynamic CMakeFiles/cmTC_dae1a.dir/CheckSymbolExists.c.o  -o cmTC_dae1a 
CMakeFiles/cmTC_dae1a.dir/CheckSymbolExists.c.o: In function `main':
CheckSymbolExists.c:(.text+0x1b): undefined reference to `pthread_create'
collect2: error: ld returned 1 exit status
CMakeFiles/cmTC_dae1a.dir/build.make:97: recipe for target 'cmTC_dae1a' failed
make[1]: *** [cmTC_dae1a] Error 1
make[1]: Leaving directory '/home/benlee/Desktop/pc_practice/projecting_points/build/CMakeFiles/CMakeTmp'
Makefile:126: recipe for target 'cmTC_dae1a/fast' failed
make: *** [cmTC_dae1a/fast] Error 2

File /home/benlee/Desktop/pc_practice/projecting_points/build/CMakeFiles/CMakeTmp/CheckSymbolExists.c:
/* */
#include <pthread.h>

int main(int argc, char** argv)
{
  (void)argv;
#ifndef pthread_create
  return ((int*)(&pthread_create))[argc];
#else
  (void)argc;
  return 0;
#endif
}

Determining if the function pthread_create exists in the pthreads failed with the following output:
Change Dir: /home/benlee/Desktop/pc_practice/projecting_points/build/CMakeFiles/CMakeTmp

Run Build Command:"/usr/bin/make" "cmTC_ce59c/fast"
/usr/bin/make -f CMakeFiles/cmTC_ce59c.dir/build.make CMakeFiles/cmTC_ce59c.dir/build
make[1]: Entering directory '/home/benlee/Desktop/pc_practice/projecting_points/build/CMakeFiles/CMakeTmp'
Building C object CMakeFiles/cmTC_ce59c.dir/CheckFunctionExists.c.o
/usr/bin/cc   -DCHECK_FUNCTION_EXISTS=pthread_create   -o CMakeFiles/cmTC_ce59c.dir/CheckFunctionExists.c.o   -c /usr/share/cmake-3.10/Modules/CheckFunctionExists.c
Linking C executable cmTC_ce59c
/usr/bin/cmake -E cmake_link_script CMakeFiles/cmTC_ce59c.dir/link.txt --verbose=1
/usr/bin/cc  -DCHECK_FUNCTION_EXISTS=pthread_create    -rdynamic CMakeFiles/cmTC_ce59c.dir/CheckFunctionExists.c.o  -o cmTC_ce59c -lpthreads 
/usr/bin/ld: cannot find -lpthreads
collect2: error: ld returned 1 exit status
CMakeFiles/cmTC_ce59c.dir/build.make:97: recipe for target 'cmTC_ce59c' failed
make[1]: *** [cmTC_ce59c] Error 1
make[1]: Leaving directory '/home/benlee/Desktop/pc_practice/projecting_points/build/CMakeFiles/CMakeTmp'
Makefile:126: recipe for target 'cmTC_ce59c/fast' failed
make: *** [cmTC_ce59c/fast] Error 2


