Determining if the pthread_create exist failed with the following output:
Change Dir: /home/benlee/Desktop/pc_practice/segementation/build/CMakeFiles/CMakeTmp

Run Build Command:"/usr/bin/make" "cmTC_3220d/fast"
/usr/bin/make -f CMakeFiles/cmTC_3220d.dir/build.make CMakeFiles/cmTC_3220d.dir/build
make[1]: Entering directory '/home/benlee/Desktop/pc_practice/segementation/build/CMakeFiles/CMakeTmp'
Building C object CMakeFiles/cmTC_3220d.dir/CheckSymbolExists.c.o
/usr/bin/cc    -o CMakeFiles/cmTC_3220d.dir/CheckSymbolExists.c.o   -c /home/benlee/Desktop/pc_practice/segementation/build/CMakeFiles/CMakeTmp/CheckSymbolExists.c
Linking C executable cmTC_3220d
/usr/bin/cmake -E cmake_link_script CMakeFiles/cmTC_3220d.dir/link.txt --verbose=1
/usr/bin/cc      -rdynamic CMakeFiles/cmTC_3220d.dir/CheckSymbolExists.c.o  -o cmTC_3220d 
CMakeFiles/cmTC_3220d.dir/CheckSymbolExists.c.o: In function `main':
CheckSymbolExists.c:(.text+0x1b): undefined reference to `pthread_create'
collect2: error: ld returned 1 exit status
CMakeFiles/cmTC_3220d.dir/build.make:97: recipe for target 'cmTC_3220d' failed
make[1]: *** [cmTC_3220d] Error 1
make[1]: Leaving directory '/home/benlee/Desktop/pc_practice/segementation/build/CMakeFiles/CMakeTmp'
Makefile:126: recipe for target 'cmTC_3220d/fast' failed
make: *** [cmTC_3220d/fast] Error 2

File /home/benlee/Desktop/pc_practice/segementation/build/CMakeFiles/CMakeTmp/CheckSymbolExists.c:
/* */
#include <pthread.h>

int main(int argc, char** argv)
{
  (void)argv;
#ifndef pthread_create
  return ((int*)(&pthread_create))[argc];
#else
  (void)argc;
  return 0;
#endif
}

Determining if the function pthread_create exists in the pthreads failed with the following output:
Change Dir: /home/benlee/Desktop/pc_practice/segementation/build/CMakeFiles/CMakeTmp

Run Build Command:"/usr/bin/make" "cmTC_69e61/fast"
/usr/bin/make -f CMakeFiles/cmTC_69e61.dir/build.make CMakeFiles/cmTC_69e61.dir/build
make[1]: Entering directory '/home/benlee/Desktop/pc_practice/segementation/build/CMakeFiles/CMakeTmp'
Building C object CMakeFiles/cmTC_69e61.dir/CheckFunctionExists.c.o
/usr/bin/cc   -DCHECK_FUNCTION_EXISTS=pthread_create   -o CMakeFiles/cmTC_69e61.dir/CheckFunctionExists.c.o   -c /usr/share/cmake-3.10/Modules/CheckFunctionExists.c
Linking C executable cmTC_69e61
/usr/bin/cmake -E cmake_link_script CMakeFiles/cmTC_69e61.dir/link.txt --verbose=1
/usr/bin/cc  -DCHECK_FUNCTION_EXISTS=pthread_create    -rdynamic CMakeFiles/cmTC_69e61.dir/CheckFunctionExists.c.o  -o cmTC_69e61 -lpthreads 
/usr/bin/ld: cannot find -lpthreads
collect2: error: ld returned 1 exit status
CMakeFiles/cmTC_69e61.dir/build.make:97: recipe for target 'cmTC_69e61' failed
make[1]: *** [cmTC_69e61] Error 1
make[1]: Leaving directory '/home/benlee/Desktop/pc_practice/segementation/build/CMakeFiles/CMakeTmp'
Makefile:126: recipe for target 'cmTC_69e61/fast' failed
make: *** [cmTC_69e61/fast] Error 2


