Determining if the pthread_create exist failed with the following output:
Change Dir: /home/benlee/Desktop/pc_practice/normal_estimation_using_integral_image/build/CMakeFiles/CMakeTmp

Run Build Command:"/usr/bin/make" "cmTC_29866/fast"
/usr/bin/make -f CMakeFiles/cmTC_29866.dir/build.make CMakeFiles/cmTC_29866.dir/build
make[1]: Entering directory '/home/benlee/Desktop/pc_practice/normal_estimation_using_integral_image/build/CMakeFiles/CMakeTmp'
Building C object CMakeFiles/cmTC_29866.dir/CheckSymbolExists.c.o
/usr/bin/cc    -o CMakeFiles/cmTC_29866.dir/CheckSymbolExists.c.o   -c /home/benlee/Desktop/pc_practice/normal_estimation_using_integral_image/build/CMakeFiles/CMakeTmp/CheckSymbolExists.c
Linking C executable cmTC_29866
/usr/bin/cmake -E cmake_link_script CMakeFiles/cmTC_29866.dir/link.txt --verbose=1
/usr/bin/cc      -rdynamic CMakeFiles/cmTC_29866.dir/CheckSymbolExists.c.o  -o cmTC_29866 
CMakeFiles/cmTC_29866.dir/CheckSymbolExists.c.o: In function `main':
CheckSymbolExists.c:(.text+0x1b): undefined reference to `pthread_create'
collect2: error: ld returned 1 exit status
CMakeFiles/cmTC_29866.dir/build.make:97: recipe for target 'cmTC_29866' failed
make[1]: *** [cmTC_29866] Error 1
make[1]: Leaving directory '/home/benlee/Desktop/pc_practice/normal_estimation_using_integral_image/build/CMakeFiles/CMakeTmp'
Makefile:126: recipe for target 'cmTC_29866/fast' failed
make: *** [cmTC_29866/fast] Error 2

File /home/benlee/Desktop/pc_practice/normal_estimation_using_integral_image/build/CMakeFiles/CMakeTmp/CheckSymbolExists.c:
/* */
#include <pthread.h>

int main(int argc, char** argv)
{
  (void)argv;
#ifndef pthread_create
  return ((int*)(&pthread_create))[argc];
#else
  (void)argc;
  return 0;
#endif
}

Determining if the function pthread_create exists in the pthreads failed with the following output:
Change Dir: /home/benlee/Desktop/pc_practice/normal_estimation_using_integral_image/build/CMakeFiles/CMakeTmp

Run Build Command:"/usr/bin/make" "cmTC_913fa/fast"
/usr/bin/make -f CMakeFiles/cmTC_913fa.dir/build.make CMakeFiles/cmTC_913fa.dir/build
make[1]: Entering directory '/home/benlee/Desktop/pc_practice/normal_estimation_using_integral_image/build/CMakeFiles/CMakeTmp'
Building C object CMakeFiles/cmTC_913fa.dir/CheckFunctionExists.c.o
/usr/bin/cc   -DCHECK_FUNCTION_EXISTS=pthread_create   -o CMakeFiles/cmTC_913fa.dir/CheckFunctionExists.c.o   -c /usr/share/cmake-3.10/Modules/CheckFunctionExists.c
Linking C executable cmTC_913fa
/usr/bin/cmake -E cmake_link_script CMakeFiles/cmTC_913fa.dir/link.txt --verbose=1
/usr/bin/cc  -DCHECK_FUNCTION_EXISTS=pthread_create    -rdynamic CMakeFiles/cmTC_913fa.dir/CheckFunctionExists.c.o  -o cmTC_913fa -lpthreads 
/usr/bin/ld: cannot find -lpthreads
collect2: error: ld returned 1 exit status
CMakeFiles/cmTC_913fa.dir/build.make:97: recipe for target 'cmTC_913fa' failed
make[1]: *** [cmTC_913fa] Error 1
make[1]: Leaving directory '/home/benlee/Desktop/pc_practice/normal_estimation_using_integral_image/build/CMakeFiles/CMakeTmp'
Makefile:126: recipe for target 'cmTC_913fa/fast' failed
make: *** [cmTC_913fa/fast] Error 2


